2018-10-22 12:56:58 INFO  WebScrapingMain:83 - Ending application in finally block...
2018-10-22 12:57:07 ERROR WebScrapingMain:58 - Fatal error occurs withing the callable thred, stopping the thread...
rx.exceptions.OnErrorNotImplementedException: Index: 5, Size: 5
	at rx.Observable$26.onError(Observable.java:6613)
	at rx.observers.SafeSubscriber._onError(SafeSubscriber.java:135)
	at rx.observers.SafeSubscriber.onError(SafeSubscriber.java:103)
	at rx.observers.SafeSubscriber.onNext(SafeSubscriber.java:118)
	at rx.subjects.SubjectSubscriptionManager$SubjectObserver.onNext(SubjectSubscriptionManager.java:222)
	at rx.internal.operators.NotificationLite.accept(NotificationLite.java:125)
	at rx.subjects.ReplaySubject$UnboundedReplayState.accept(ReplaySubject.java:375)
	at rx.subjects.ReplaySubject$UnboundedReplayState.replayObserverFromIndex(ReplaySubject.java:415)
	at rx.subjects.ReplaySubject$UnboundedReplayState.replayObserver(ReplaySubject.java:404)
	at rx.subjects.ReplaySubject.caughtUp(ReplaySubject.java:335)
	at rx.subjects.ReplaySubject.onNext(ReplaySubject.java:295)
	at com.geraudwilling.webscraping.main.WebScrapingMain.lambda$0(WebScrapingMain.java:56)
	at java.util.concurrent.Executors$RunnableAdapter.call(Executors.java:511)
	at java.util.concurrent.FutureTask.runAndReset(FutureTask.java:308)
	at java.util.concurrent.ScheduledThreadPoolExecutor$ScheduledFutureTask.access$301(ScheduledThreadPoolExecutor.java:180)
	at java.util.concurrent.ScheduledThreadPoolExecutor$ScheduledFutureTask.run(ScheduledThreadPoolExecutor.java:294)
	at java.util.concurrent.ThreadPoolExecutor.runWorker(ThreadPoolExecutor.java:1149)
	at java.util.concurrent.ThreadPoolExecutor$Worker.run(ThreadPoolExecutor.java:624)
	at java.lang.Thread.run(Thread.java:748)
Caused by: java.lang.IndexOutOfBoundsException: Index: 5, Size: 5
	at java.util.ArrayList.rangeCheck(ArrayList.java:657)
	at java.util.ArrayList.get(ArrayList.java:433)
	at com.geraudwilling.webscraping.util.AppHelper.isRdvAvailable(AppHelper.java:28)
	at com.geraudwilling.webscraping.main.WebScrapingMain.lambda$1(WebScrapingMain.java:69)
	at rx.Observable$26.onNext(Observable.java:6618)
	at rx.observers.SafeSubscriber.onNext(SafeSubscriber.java:111)
	... 15 more
2018-10-22 12:58:51 INFO  WebScrapingMain:83 - Ending application in finally block...
2018-10-22 12:58:57 INFO  WebScrapingMain:73 - Ending application... No rdv found 
2018-10-22 13:01:01 INFO  MainCallable:62 - !!!****Rendez-vous found for Guichet 3 on date : 2018-10-22T13:01:01.147
2018-10-22 13:01:01 INFO  MainCallable:62 - !!!****Rendez-vous found for Guichet 4 on date : 2018-10-22T13:01:01.213
2018-10-22 13:01:01 INFO  MainCallable:62 - !!!****Rendez-vous found for Guichet 5 on date : 2018-10-22T13:01:01.294
2018-10-22 13:01:59 INFO  WebClient:518 - statusCode=[502] contentType=[text/html]
2018-10-22 13:01:59 INFO  WebClient:519 - <html>
<head><title>502 Bad Gateway</title></head>
<body bgcolor="white">
<center><h1>502 Bad Gateway</h1></center>
<hr><center>nginx</center>
</body>
</html>
<!-- a padding to disable MSIE and Chrome friendly error page -->
<!-- a padding to disable MSIE and Chrome friendly error page -->
<!-- a padding to disable MSIE and Chrome friendly error page -->
<!-- a padding to disable MSIE and Chrome friendly error page -->
<!-- a padding to disable MSIE and Chrome friendly error page -->
<!-- a padding to disable MSIE and Chrome friendly error page -->

